Running startup script...
[conflicted] Will prefer purrr::accumulate over any other package
[conflicted] Will prefer brms::ar over any other package
[conflicted] Will prefer stats::lag over any other package
[conflicted] Will prefer purrr::when over any other package
[conflicted] Will prefer tibble::has_name over any other package
Loading data...
New names:
* `` -> ...1
Rows: 59 Columns: 24
── Column specification ────────────────────────────────────────────────────────
Delimiter: ","
chr (10): Species, mig_binary.x, collective, mig_binary.y, migratory, specie...
dbl (14): ...1, NorthAmerica.x, NorthAmerica.y, BodyMass.Value, Diet.Inv, Di...

ℹ Use `spec()` to retrieve the full column specification for this data.
ℹ Specify the column types or set `show_col_types = FALSE` to quiet this message.
Rows: 74757 Columns: 15
── Column specification ────────────────────────────────────────────────────────
Delimiter: ","
chr  (1): species
dbl (14): ind_id, study_id, year, wk, area, sg, ghm, cbg_area, ndvi, tmax, n...

ℹ Use `spec()` to retrieve the full column specification for this data.
ℹ Specify the column types or set `show_col_types = FALSE` to quiet this message.
Processing the data to allow the magic to happen...
Starting that modeling magic...
Fitting models with formula:
size_diff ~ 1 + sg_diff * ghm_diff + ndvi_diff + tmax_diff + (1 | species/ind_f) + ar(time = wk, gr = ind_f) 
Starting model...
Compiling Stan program...
Start sampling

SAMPLING FOR MODEL '3c59c7652942e44ea0331c3cbe850fa1' NOW (CHAIN 1).

SAMPLING FOR MODEL '3c59c7652942e44ea0331c3cbe850fa1' NOW (CHAIN 2).

SAMPLING FOR MODEL '3c59c7652942e44ea0331c3cbe850fa1' NOW (CHAIN 3).

SAMPLING FOR MODEL '3c59c7652942e44ea0331c3cbe850fa1' NOW (CHAIN 4).
Chain 1: 
Chain 1: Gradient evaluation took 0.007755 seconds
Chain 1: 1000 transitions using 10 leapfrog steps per transition would take 77.55 seconds.
Chain 1: Adjust your expectations accordingly!
Chain 1: 
Chain 1: 
Chain 2: 
Chain 2: Gradient evaluation took 0.007899 seconds
Chain 2: 1000 transitions using 10 leapfrog steps per transition would take 78.99 seconds.
Chain 2: Adjust your expectations accordingly!
Chain 2: 
Chain 2: 
Chain 3: 
Chain 3: Gradient evaluation took 0.007803 seconds
Chain 3: 1000 transitions using 10 leapfrog steps per transition would take 78.03 seconds.
Chain 3: Adjust your expectations accordingly!
Chain 3: 
Chain 3: 
Chain 4: 
Chain 4: Gradient evaluation took 0.007834 seconds
Chain 4: 1000 transitions using 10 leapfrog steps per transition would take 78.34 seconds.
Chain 4: Adjust your expectations accordingly!
Chain 4: 
Chain 4: 
Chain 1: Iteration:    1 / 10000 [  0%]  (Warmup)
Chain 2: Iteration:    1 / 10000 [  0%]  (Warmup)
Chain 3: Iteration:    1 / 10000 [  0%]  (Warmup)
Chain 4: Iteration:    1 / 10000 [  0%]  (Warmup)
Chain 1: Iteration: 1000 / 10000 [ 10%]  (Warmup)
Chain 3: Iteration: 1000 / 10000 [ 10%]  (Warmup)
Chain 2: Iteration: 1000 / 10000 [ 10%]  (Warmup)
Chain 4: Iteration: 1000 / 10000 [ 10%]  (Warmup)
Chain 3: Iteration: 2000 / 10000 [ 20%]  (Warmup)
Chain 1: Iteration: 2000 / 10000 [ 20%]  (Warmup)
Chain 2: Iteration: 2000 / 10000 [ 20%]  (Warmup)
Chain 4: Iteration: 2000 / 10000 [ 20%]  (Warmup)
Chain 1: Iteration: 3000 / 10000 [ 30%]  (Warmup)
Chain 3: Iteration: 3000 / 10000 [ 30%]  (Warmup)
Chain 2: Iteration: 3000 / 10000 [ 30%]  (Warmup)
Chain 4: Iteration: 3000 / 10000 [ 30%]  (Warmup)
Chain 1: Iteration: 4000 / 10000 [ 40%]  (Warmup)
Chain 3: Iteration: 4000 / 10000 [ 40%]  (Warmup)
Chain 2: Iteration: 4000 / 10000 [ 40%]  (Warmup)
Chain 4: Iteration: 4000 / 10000 [ 40%]  (Warmup)
Chain 1: Iteration: 5000 / 10000 [ 50%]  (Warmup)
Chain 1: Iteration: 5001 / 10000 [ 50%]  (Sampling)
Chain 2: Iteration: 5000 / 10000 [ 50%]  (Warmup)
Chain 2: Iteration: 5001 / 10000 [ 50%]  (Sampling)
Chain 3: Iteration: 5000 / 10000 [ 50%]  (Warmup)
Chain 3: Iteration: 5001 / 10000 [ 50%]  (Sampling)
Chain 4: Iteration: 5000 / 10000 [ 50%]  (Warmup)
Chain 4: Iteration: 5001 / 10000 [ 50%]  (Sampling)
Chain 2: Iteration: 6000 / 10000 [ 60%]  (Sampling)
Chain 1: Iteration: 6000 / 10000 [ 60%]  (Sampling)
Chain 2: Iteration: 7000 / 10000 [ 70%]  (Sampling)
Chain 3: Iteration: 6000 / 10000 [ 60%]  (Sampling)
Chain 4: Iteration: 6000 / 10000 [ 60%]  (Sampling)
Chain 2: Iteration: 8000 / 10000 [ 80%]  (Sampling)
Chain 1: Iteration: 7000 / 10000 [ 70%]  (Sampling)
Chain 4: Iteration: 7000 / 10000 [ 70%]  (Sampling)
Chain 2: Iteration: 9000 / 10000 [ 90%]  (Sampling)
Chain 3: Iteration: 7000 / 10000 [ 70%]  (Sampling)
Chain 2: Iteration: 10000 / 10000 [100%]  (Sampling)
Chain 2: 
Chain 2:  Elapsed Time: 2117.92 seconds (Warm-up)
Chain 2:                1569.93 seconds (Sampling)
Chain 2:                3687.85 seconds (Total)
Chain 2: 
Chain 1: Iteration: 8000 / 10000 [ 80%]  (Sampling)
Chain 4: Iteration: 8000 / 10000 [ 80%]  (Sampling)
Chain 3: Iteration: 8000 / 10000 [ 80%]  (Sampling)
Chain 4: Iteration: 9000 / 10000 [ 90%]  (Sampling)
Chain 1: Iteration: 9000 / 10000 [ 90%]  (Sampling)
Chain 3: Iteration: 9000 / 10000 [ 90%]  (Sampling)
Chain 4: Iteration: 10000 / 10000 [100%]  (Sampling)
Chain 4: 
Chain 4:  Elapsed Time: 2168.31 seconds (Warm-up)
Chain 4:                2913.11 seconds (Sampling)
Chain 4:                5081.41 seconds (Total)
Chain 4: 
Chain 1: Iteration: 10000 / 10000 [100%]  (Sampling)
Chain 1: 
Chain 1:  Elapsed Time: 2086.36 seconds (Warm-up)
Chain 1:                3051.77 seconds (Sampling)
Chain 1:                5138.13 seconds (Total)
Chain 1: 
Chain 3: Iteration: 10000 / 10000 [100%]  (Sampling)
Chain 3: 
Chain 3:  Elapsed Time: 2125.42 seconds (Warm-up)
Chain 3:                3054.08 seconds (Sampling)
Chain 3:                5179.5 seconds (Total)
Chain 3: 
Warning messages:
1: There were 5 divergent transitions after warmup. See
https://mc-stan.org/misc/warnings.html#divergent-transitions-after-warmup
to find out why this is a problem and how to eliminate them. 
2: Examine the pairs() plot to diagnose sampling problems
 
Script complete in 87.74 minutes
