Running startup script...
[conflicted] Will prefer purrr::accumulate over any other package
[conflicted] Will prefer brms::ar over any other package
[conflicted] Will prefer stats::lag over any other package
[conflicted] Will prefer purrr::when over any other package
Loading data...
New names:
* `` -> ...1
Rows: 59 Columns: 24
── Column specification ────────────────────────────────────────────────────────
Delimiter: ","
chr (10): Species, mig_binary.x, collective, mig_binary.y, migratory, specie...
dbl (14): ...1, NorthAmerica.x, NorthAmerica.y, BodyMass.Value, Diet.Inv, Di...

ℹ Use `spec()` to retrieve the full column specification for this data.
ℹ Specify the column types or set `show_col_types = FALSE` to quiet this message.
Rows: 84418 Columns: 17
── Column specification ────────────────────────────────────────────────────────
Delimiter: ","
chr  (1): species
dbl (16): ind_id, study_id, year, wk, area, sg, ghm, cbg_area, ndvi, lst, tm...

ℹ Use `spec()` to retrieve the full column specification for this data.
ℹ Specify the column types or set `show_col_types = FALSE` to quiet this message.
Processing the data to allow the magic to happen...
Starting that modeling magic...
Fitting models with formula:
area_diff ~ 1 + sg_diff * ghm_diff + ndvi_diff + tmax_diff + (1 | species/ind_f) + ar(time = wk, gr = ind_f) 
Starting model...
Compiling Stan program...
Start sampling

SAMPLING FOR MODEL '3c59c7652942e44ea0331c3cbe850fa1' NOW (CHAIN 1).

SAMPLING FOR MODEL '3c59c7652942e44ea0331c3cbe850fa1' NOW (CHAIN 2).

SAMPLING FOR MODEL '3c59c7652942e44ea0331c3cbe850fa1' NOW (CHAIN 3).

SAMPLING FOR MODEL '3c59c7652942e44ea0331c3cbe850fa1' NOW (CHAIN 4).
Chain Chain Chain 23: 1: 
: 

Chain Chain Chain 312: : : Gradient evaluation took 0.02 secondsGradient evaluation took 0.02 secondsGradient evaluation took 0.02 seconds


Chain Chain Chain 312: : : 1000 transitions using 10 leapfrog steps per transition would take 200 seconds.1000 transitions using 10 leapfrog steps per transition would take 200 seconds.1000 transitions using 10 leapfrog steps per transition would take 200 seconds.


Chain Chain Chain 312: : : Adjust your expectations accordingly!Adjust your expectations accordingly!Adjust your expectations accordingly!


Chain Chain Chain 312: : : 


Chain Chain Chain 312: : : 


Chain 4: 
Chain 4: Gradient evaluation took 0.01 seconds
Chain 4: 1000 transitions using 10 leapfrog steps per transition would take 100 seconds.
Chain 4: Adjust your expectations accordingly!
Chain 4: 
Chain 4: 
Chain Chain 4Chain Chain 3: 21: Iteration:    1 / 10000 [  0%]  (Warmup): : Iteration:    1 / 10000 [  0%]  (Warmup)
Iteration:    1 / 10000 [  0%]  (Warmup)Iteration:    1 / 10000 [  0%]  (Warmup)


Chain 3: Iteration: 1000 / 10000 [ 10%]  (Warmup)
Chain 4: Iteration: 1000 / 10000 [ 10%]  (Warmup)
Chain 1: Iteration: 1000 / 10000 [ 10%]  (Warmup)
Chain 2: Iteration: 1000 / 10000 [ 10%]  (Warmup)
Chain 3: Iteration: 2000 / 10000 [ 20%]  (Warmup)
Chain 4: Iteration: 2000 / 10000 [ 20%]  (Warmup)
Chain 2: Iteration: 2000 / 10000 [ 20%]  (Warmup)
Chain 1: Iteration: 2000 / 10000 [ 20%]  (Warmup)
Chain 4: Iteration: 3000 / 10000 [ 30%]  (Warmup)
Chain 3: Iteration: 3000 / 10000 [ 30%]  (Warmup)
Chain 2: Iteration: 3000 / 10000 [ 30%]  (Warmup)
Chain 1: Iteration: 3000 / 10000 [ 30%]  (Warmup)
Chain 4: Iteration: 4000 / 10000 [ 40%]  (Warmup)
Chain 3: Iteration: 4000 / 10000 [ 40%]  (Warmup)
Chain 2: Iteration: 4000 / 10000 [ 40%]  (Warmup)
Chain 1: Iteration: 4000 / 10000 [ 40%]  (Warmup)
Chain 4: Iteration: 5000 / 10000 [ 50%]  (Warmup)
Chain 4: Iteration: 5001 / 10000 [ 50%]  (Sampling)
Chain 3: Iteration: 5000 / 10000 [ 50%]  (Warmup)
Chain 3: Iteration: 5001 / 10000 [ 50%]  (Sampling)
Chain 2: Iteration: 5000 / 10000 [ 50%]  (Warmup)
Chain 2: Iteration: 5001 / 10000 [ 50%]  (Sampling)
Chain 1: Iteration: 5000 / 10000 [ 50%]  (Warmup)
Chain 1: Iteration: 5001 / 10000 [ 50%]  (Sampling)
Chain 4: Iteration: 6000 / 10000 [ 60%]  (Sampling)
Chain 3: Iteration: 6000 / 10000 [ 60%]  (Sampling)
Chain 4: Iteration: 7000 / 10000 [ 70%]  (Sampling)
Chain 3: Iteration: 7000 / 10000 [ 70%]  (Sampling)
Chain 2: Iteration: 6000 / 10000 [ 60%]  (Sampling)
Chain 1: Iteration: 6000 / 10000 [ 60%]  (Sampling)
Chain 4: Iteration: 8000 / 10000 [ 80%]  (Sampling)
Chain 3: Iteration: 8000 / 10000 [ 80%]  (Sampling)
Chain 4: Iteration: 9000 / 10000 [ 90%]  (Sampling)
Chain 3: Iteration: 9000 / 10000 [ 90%]  (Sampling)
Chain 2: Iteration: 7000 / 10000 [ 70%]  (Sampling)
Chain 1: Iteration: 7000 / 10000 [ 70%]  (Sampling)
Chain 4: Iteration: 10000 / 10000 [100%]  (Sampling)
Chain 4: 
Chain 4:  Elapsed Time: 3581.9 seconds (Warm-up)
Chain 4:                3156.42 seconds (Sampling)
Chain 4:                6738.32 seconds (Total)
Chain 4: 
Chain 3: Iteration: 10000 / 10000 [100%]  (Sampling)
Chain 3: 
Chain 3:  Elapsed Time: 3632.51 seconds (Warm-up)
Chain 3:                3142.43 seconds (Sampling)
Chain 3:                6774.94 seconds (Total)
Chain 3: 
Chain 2: Iteration: 8000 / 10000 [ 80%]  (Sampling)
Chain 1: Iteration: 8000 / 10000 [ 80%]  (Sampling)
Chain 2: Iteration: 9000 / 10000 [ 90%]  (Sampling)
Chain 1: Iteration: 9000 / 10000 [ 90%]  (Sampling)
Chain 2: Iteration: 10000 / 10000 [100%]  (Sampling)
Chain 2: 
Chain 2:  Elapsed Time: 3727.93 seconds (Warm-up)
Chain 2:                6180.84 seconds (Sampling)
Chain 2:                9908.77 seconds (Total)
Chain 2: 
Chain 1: Iteration: 10000 / 10000 [100%]  (Sampling)
Chain 1: 
Chain 1:  Elapsed Time: 3863.04 seconds (Warm-up)
Chain 1:                6132.85 seconds (Sampling)
Chain 1:                9995.89 seconds (Total)
Chain 1: 
Warning messages:
1: Rows containing NAs were excluded from the model. 
2: There were 9 divergent transitions after warmup. See
https://mc-stan.org/misc/warnings.html#divergent-transitions-after-warmup
to find out why this is a problem and how to eliminate them. 
3: Examine the pairs() plot to diagnose sampling problems
 
Script complete in 168.05 minutes
