Running startup script...
[conflicted] Will prefer purrr::accumulate over any other package
[conflicted] Will prefer brms::ar over any other package
[conflicted] Will prefer stats::lag over any other package
[conflicted] Will prefer purrr::when over any other package
[conflicted] Will prefer tibble::has_name over any other package
Loading data...
New names:
* `` -> ...1
Rows: 59 Columns: 24
── Column specification ────────────────────────────────────────────────────────
Delimiter: ","
chr (10): Species, mig_binary.x, collective, mig_binary.y, migratory, specie...
dbl (14): ...1, NorthAmerica.x, NorthAmerica.y, BodyMass.Value, Diet.Inv, Di...

ℹ Use `spec()` to retrieve the full column specification for this data.
ℹ Specify the column types or set `show_col_types = FALSE` to quiet this message.
Rows: 74757 Columns: 15
── Column specification ────────────────────────────────────────────────────────
Delimiter: ","
chr  (1): species
dbl (14): ind_id, study_id, year, wk, area, sg, ghm, cbg_area, ndvi, tmax, n...

ℹ Use `spec()` to retrieve the full column specification for this data.
ℹ Specify the column types or set `show_col_types = FALSE` to quiet this message.
Rows: 85096 Columns: 10
── Column specification ────────────────────────────────────────────────────────
Delimiter: ","
chr (1): scientificname
dbl (9): total, tmax, ndvi, elev, cor, week, individual, studyid, year

ℹ Use `spec()` to retrieve the full column specification for this data.
ℹ Specify the column types or set `show_col_types = FALSE` to quiet this message.
Processing the data to allow the magic to happen...
Warning message:
Problem with `mutate()` column `breadth_scale`.
ℹ `breadth_scale = scale(log(total + 1e-21))`.
ℹ NaNs produced 
Starting that modeling magic...
Fitting models with formula:
breadth_diff ~ area_diff + sg_diff + ghm_diff + ndvi_diff + tmax_diff + (1 | scientificname/ind_f) + ar(time = week, gr = ind_f) 
Starting model...
Compiling Stan program...
Start sampling

SAMPLING FOR MODEL 'b089d17a5becdbbf732b517b6abc6b41' NOW (CHAIN 1).

SAMPLING FOR MODEL 'b089d17a5becdbbf732b517b6abc6b41' NOW (CHAIN 2).

SAMPLING FOR MODEL 'b089d17a5becdbbf732b517b6abc6b41' NOW (CHAIN 3).

SAMPLING FOR MODEL 'b089d17a5becdbbf732b517b6abc6b41' NOW (CHAIN 4).
Chain 1: 
Chain 1: Gradient evaluation took 0.007235 seconds
Chain 1: 1000 transitions using 10 leapfrog steps per transition would take 72.35 seconds.
Chain 1: Adjust your expectations accordingly!
Chain 1: 
Chain 1: 
Chain 2: 
Chain 2: Gradient evaluation took 0.007185 seconds
Chain 2: 1000 transitions using 10 leapfrog steps per transition would take 71.85 seconds.
Chain 2: Adjust your expectations accordingly!
Chain 2: 
Chain 2: 
Chain 3: 
Chain 3: Gradient evaluation took 0.0072 seconds
Chain 3: 1000 transitions using 10 leapfrog steps per transition would take 72 seconds.
Chain 3: Adjust your expectations accordingly!
Chain 3: 
Chain 3: 
Chain 4: 
Chain 4: Gradient evaluation took 0.007289 seconds
Chain 4: 1000 transitions using 10 leapfrog steps per transition would take 72.89 seconds.
Chain 4: Adjust your expectations accordingly!
Chain 4: 
Chain 4: 
Chain 1: Iteration:    1 / 10000 [  0%]  (Warmup)
Chain 2: Iteration:    1 / 10000 [  0%]  (Warmup)
Chain 3: Iteration:    1 / 10000 [  0%]  (Warmup)
Chain 4: Iteration:    1 / 10000 [  0%]  (Warmup)
Chain 2: Iteration: 1000 / 10000 [ 10%]  (Warmup)
Chain 3: Iteration: 1000 / 10000 [ 10%]  (Warmup)
Chain 4: Iteration: 1000 / 10000 [ 10%]  (Warmup)
Chain 1: Iteration: 1000 / 10000 [ 10%]  (Warmup)
Chain 2: Iteration: 2000 / 10000 [ 20%]  (Warmup)
Chain 3: Iteration: 2000 / 10000 [ 20%]  (Warmup)
Chain 1: Iteration: 2000 / 10000 [ 20%]  (Warmup)
Chain 4: Iteration: 2000 / 10000 [ 20%]  (Warmup)
Chain 2: Iteration: 3000 / 10000 [ 30%]  (Warmup)
Chain 3: Iteration: 3000 / 10000 [ 30%]  (Warmup)
Chain 4: Iteration: 3000 / 10000 [ 30%]  (Warmup)
Chain 1: Iteration: 3000 / 10000 [ 30%]  (Warmup)
Chain 2: Iteration: 4000 / 10000 [ 40%]  (Warmup)
Chain 3: Iteration: 4000 / 10000 [ 40%]  (Warmup)
Chain 4: Iteration: 4000 / 10000 [ 40%]  (Warmup)
Chain 1: Iteration: 4000 / 10000 [ 40%]  (Warmup)
Chain 2: Iteration: 5000 / 10000 [ 50%]  (Warmup)
Chain 2: Iteration: 5001 / 10000 [ 50%]  (Sampling)
Chain 3: Iteration: 5000 / 10000 [ 50%]  (Warmup)
Chain 3: Iteration: 5001 / 10000 [ 50%]  (Sampling)
Chain 4: Iteration: 5000 / 10000 [ 50%]  (Warmup)
Chain 4: Iteration: 5001 / 10000 [ 50%]  (Sampling)
Chain 1: Iteration: 5000 / 10000 [ 50%]  (Warmup)
Chain 1: Iteration: 5001 / 10000 [ 50%]  (Sampling)
Chain 2: Iteration: 6000 / 10000 [ 60%]  (Sampling)
Chain 3: Iteration: 6000 / 10000 [ 60%]  (Sampling)
Chain 4: Iteration: 6000 / 10000 [ 60%]  (Sampling)
Chain 2: Iteration: 7000 / 10000 [ 70%]  (Sampling)
Chain 3: Iteration: 7000 / 10000 [ 70%]  (Sampling)
Chain 4: Iteration: 7000 / 10000 [ 70%]  (Sampling)
Chain 1: Iteration: 6000 / 10000 [ 60%]  (Sampling)
Chain 2: Iteration: 8000 / 10000 [ 80%]  (Sampling)
Chain 3: Iteration: 8000 / 10000 [ 80%]  (Sampling)
Chain 4: Iteration: 8000 / 10000 [ 80%]  (Sampling)
Chain 2: Iteration: 9000 / 10000 [ 90%]  (Sampling)
Chain 3: Iteration: 9000 / 10000 [ 90%]  (Sampling)
Chain 1: Iteration: 7000 / 10000 [ 70%]  (Sampling)
Chain 4: Iteration: 9000 / 10000 [ 90%]  (Sampling)
Chain 4: Iteration: 10000 / 10000 [100%]  (Sampling)
Chain 4: 
Chain 4:  Elapsed Time: 1569.44 seconds (Warm-up)
Chain 4:                1348.26 seconds (Sampling)
Chain 4:                2917.69 seconds (Total)
Chain 4: 
Chain 2: Iteration: 10000 / 10000 [100%]  (Sampling)
Chain 2: 
Chain 2:  Elapsed Time: 1532.15 seconds (Warm-up)
Chain 2:                1535.01 seconds (Sampling)
Chain 2:                3067.16 seconds (Total)
Chain 2: 
Chain 3: Iteration: 10000 / 10000 [100%]  (Sampling)
Chain 3: 
Chain 3:  Elapsed Time: 1536.57 seconds (Warm-up)
Chain 3:                1540.98 seconds (Sampling)
Chain 3:                3077.55 seconds (Total)
Chain 3: 
Chain 1: Iteration: 8000 / 10000 [ 80%]  (Sampling)
Chain 1: Iteration: 9000 / 10000 [ 90%]  (Sampling)
Chain 1: Iteration: 10000 / 10000 [100%]  (Sampling)
Chain 1: 
Chain 1:  Elapsed Time: 1675.5 seconds (Warm-up)
Chain 1:                2571.92 seconds (Sampling)
Chain 1:                4247.42 seconds (Total)
Chain 1: 
Warning messages:
1: Rows containing NAs were excluded from the model. 
2: There were 168 divergent transitions after warmup. See
https://mc-stan.org/misc/warnings.html#divergent-transitions-after-warmup
to find out why this is a problem and how to eliminate them. 
3: Examine the pairs() plot to diagnose sampling problems
 
4: Bulk Effective Samples Size (ESS) is too low, indicating posterior means and medians may be unreliable.
Running the chains for more iterations may help. See
https://mc-stan.org/misc/warnings.html#bulk-ess 
5: Tail Effective Samples Size (ESS) is too low, indicating posterior variances and tail quantiles may be unreliable.
Running the chains for more iterations may help. See
https://mc-stan.org/misc/warnings.html#tail-ess 
Script complete in 72.24 minutes
