Running startup script...
[conflicted] Will prefer purrr::accumulate over any other package
[conflicted] Will prefer brms::ar over any other package
[conflicted] Will prefer stats::lag over any other package
[conflicted] Will prefer purrr::when over any other package
Loading data...
New names:
* `` -> ...1
Rows: 59 Columns: 24
── Column specification ────────────────────────────────────────────────────────
Delimiter: ","
chr (10): Species, mig_binary.x, collective, mig_binary.y, migratory, specie...
dbl (14): ...1, NorthAmerica.x, NorthAmerica.y, BodyMass.Value, Diet.Inv, Di...

ℹ Use `spec()` to retrieve the full column specification for this data.
ℹ Specify the column types or set `show_col_types = FALSE` to quiet this message.
Rows: 80190 Columns: 17
── Column specification ────────────────────────────────────────────────────────
Delimiter: ","
chr  (1): species
dbl (16): ind_id, study_id, year, wk, area, sg, ghm, cbg_area, ndvi, lst, tm...

ℹ Use `spec()` to retrieve the full column specification for this data.
ℹ Specify the column types or set `show_col_types = FALSE` to quiet this message.
Rows: 96252 Columns: 11
── Column specification ────────────────────────────────────────────────────────
Delimiter: ","
chr  (1): scientificname
dbl (10): total, tmax, tmin, ndvi, elev, cor, week, individual, studyid, year

ℹ Use `spec()` to retrieve the full column specification for this data.
ℹ Specify the column types or set `show_col_types = FALSE` to quiet this message.
Processing the data to allow the magic to happen...
Warning message:
Problem with `mutate()` column `breadth_scale`.
ℹ `breadth_scale = scale(log(total))`.
ℹ NaNs produced 
Starting that modeling magic...
Fitting models with formula:
breadth_diff ~ 1 + sg_diff + ghm_diff + ndvi_diff + tmax_diff + (1 | scientificname/ind_f) + ar(time = week, gr = ind_f) 
Starting model...
Error: All observations in the data were removed presumably because of NA values.
In addition: Warning message:
Rows containing NAs were excluded from the model. 
Execution halted
